Command line:
   top_tb_isim_beh.exe
     -simmode  gui
     -simrunnum  0
     -socket  10998

Sat May 31 01:11:41 2025


 Elaboration Time: 0.0625 sec

 Current Memory Usage: 5168.74 Meg

 Total Signals          : 94
 Total Nets             : 113
 Total Signal Drivers   : 34
 Total Blocks           : 9
 Total Primitive Blocks : 7
 Total Processes        : 44
 Total Traceable Variables  : 55
 Total Scalar Nets and Variables : 489
Total Line Count : 149

 Total Simulation Time: 0.109375 sec

 Current Memory Usage: 5011.45 Meg

Sat May 31 01:13:11 2025

