Command line:
   queue_tb_isim_beh.exe
     -simmode  gui
     -simrunnum  0
     -socket  4725

Sat May 31 19:42:57 2025


 Elaboration Time: 0.03125 sec

 Current Memory Usage: 5168.73 Meg

 Total Signals          : 28
 Total Nets             : 59
 Total Signal Drivers   : 16
 Total Blocks           : 5
 Total Primitive Blocks : 4
 Total Processes        : 23
 Total Traceable Variables  : 39
 Total Scalar Nets and Variables : 437
Total Line Count : 74

 Total Simulation Time: 0.046875 sec

 Current Memory Usage: 5483.3 Meg

Sat May 31 19:43:50 2025

