Command line:
   counter_tb_isim_beh.exe
     -simmode  gui
     -simrunnum  0
     -socket  2268

Thu May 29 11:42:25 2025


 Elaboration Time: 0.046875 sec

 Current Memory Usage: 5168.79 Meg

 Total Signals          : 21
 Total Nets             : 33
 Total Signal Drivers   : 13
 Total Blocks           : 4
 Total Primitive Blocks : 3
 Total Processes        : 19
 Total Traceable Variables  : 29
 Total Scalar Nets and Variables : 173
Total Line Count : 52

 Total Simulation Time: 0.046875 sec

 Current Memory Usage: 5168.79 Meg

Thu May 29 11:42:49 2025

