Running: D:\Xilinx\14.7\ISE_DS\ISE\bin\nt64\unwrapped\fuse.exe -intstyle ise -incremental -lib uni9000_ver -lib aim_ver -lib cpld_ver -lib xilinxcorelib_ver -o D:/Xilinx/project/final_project/top_tb_isim_beh.exe -prj D:/Xilinx/project/final_project/top_tb_beh.prj work.top_tb work.glbl 
ISim P.20131013 (signature 0x7708f090)
Number of CPUs detected in this system: 8
Turning on mult-threading, number of parallel sub-compilation jobs: 16 
Determining compilation order of HDL files
Analyzing Verilog file "D:/Xilinx/project/final_project/queue.v" into library work
Analyzing Verilog file "D:/Xilinx/project/final_project/dispatcher.v" into library work
Analyzing Verilog file "D:/Xilinx/project/final_project/counter.v" into library work
Analyzing Verilog file "D:/Xilinx/project/final_project/top.v" into library work
Analyzing Verilog file "D:/Xilinx/project/final_project/top_tb.v" into library work
Analyzing Verilog file "D:/Xilinx/14.7/ISE_DS/ISE//verilog/src/glbl.v" into library work
Starting static elaboration
Completed static elaboration
Compiling module queue
Compiling module dispatcher
Compiling module counter
Compiling module top
Compiling module top_tb
Compiling module glbl
Time Resolution for simulation is 1ps.
Waiting for 1 sub-compilation(s) to finish...
Compiled 6 Verilog Units
Built simulation executable D:/Xilinx/project/final_project/top_tb_isim_beh.exe
Fuse Memory Usage: 30836 KB
Fuse CPU Usage: 327 ms
