Command line:
   queue_tb_isim_beh.exe
     -simmode  gui
     -simrunnum  0
     -socket  2233

Thu May 29 11:29:35 2025


 Elaboration Time: 0.078125 sec

 Current Memory Usage: 5168.79 Meg

 Total Signals          : 29
 Total Nets             : 59
 Total Signal Drivers   : 16
 Total Blocks           : 5
 Total Primitive Blocks : 4
 Total Processes        : 22
 Total Traceable Variables  : 34
 Total Scalar Nets and Variables : 285
Total Line Count : 69

 Total Simulation Time: 0.078125 sec

 Current Memory Usage: 5011.5 Meg

Thu May 29 11:30:51 2025

