Release 14.7 - xst P.20131013 (nt64)
Copyright (c) 1995-2013 Xilinx, Inc.  All rights reserved.
--> Parameter TMPDIR set to xst/projnav.tmp


Total REAL time to Xst completion: 1.00 secs
Total CPU time to Xst completion: 0.34 secs
 
--> Parameter xsthdpdir set to xst


Total REAL time to Xst completion: 1.00 secs
Total CPU time to Xst completion: 0.34 secs
 
--> Reading design: top.prj

TABLE OF CONTENTS
  1) Synthesis Options Summary
  2) HDL Compilation
  3) Design Hierarchy Analysis
  4) HDL Analysis
  5) HDL Synthesis
     5.1) HDL Synthesis Report
  6) Advanced HDL Synthesis
     6.1) Advanced HDL Synthesis Report
  7) Low Level Synthesis
  8) Partition Report
  9) Final Report

=========================================================================
*                      Synthesis Options Summary                        *
=========================================================================
---- Source Parameters
Input File Name                    : "top.prj"
Input Format                       : mixed
Ignore Synthesis Constraint File   : NO

---- Target Parameters
Output File Name                   : "top"
Output Format                      : NGC
Target Device                      : XC9500 CPLDs

---- Source Options
Top Module Name                    : top
Automatic FSM Extraction           : YES
FSM Encoding Algorithm             : Auto
Safe Implementation                : No
Mux Extraction                     : Yes
Resource Sharing                   : YES

---- Target Options
Add IO Buffers                     : YES
MACRO Preserve                     : YES
XOR Preserve                       : YES
Equivalent register Removal        : YES

---- General Options
Optimization Goal                  : Speed
Optimization Effort                : 1
Keep Hierarchy                     : Yes
Netlist Hierarchy                  : As_Optimized
RTL Output                         : Yes
Hierarchy Separator                : /
Bus Delimiter                      : <>
Case Specifier                     : Maintain
Verilog 2001                       : YES

---- Other Options
wysiwyg                            : NO

=========================================================================


=========================================================================
*                          HDL Compilation                              *
=========================================================================
Compiling verilog file "queue.v" in library work
Compiling verilog file "dispatcher.v" in library work
Module <queue> compiled
Compiling verilog file "counter.v" in library work
Module <dispatcher> compiled
Compiling verilog file "top.v" in library work
Module <counter> compiled
Module <top> compiled
No errors in compilation
Analysis of file <"top.prj"> succeeded.
 

=========================================================================
*                     Design Hierarchy Analysis                         *
=========================================================================
Analyzing hierarchy for module <top> in library <work>.

Analyzing hierarchy for module <queue> in library <work> with parameters.
	DEPTH = "00000000000000000000000000000011"
	PTR_W = "00000000000000000000000000000010"

Analyzing hierarchy for module <dispatcher> in library <work>.

Analyzing hierarchy for module <counter> in library <work> with parameters.
	TIME_W = "00000000000000000000000000000100"


=========================================================================
*                            HDL Analysis                               *
=========================================================================
Analyzing top module <top>.
Module <top> is correct for synthesis.
 
Analyzing module <queue> in library <work>.
	DEPTH = 32'sb00000000000000000000000000000011
	PTR_W = 32'sb00000000000000000000000000000010
Module <queue> is correct for synthesis.
 
Analyzing module <dispatcher> in library <work>.
Module <dispatcher> is correct for synthesis.
 
Analyzing module <counter> in library <work>.
	TIME_W = 32'sb00000000000000000000000000000100
Module <counter> is correct for synthesis.
 

=========================================================================
*                           HDL Synthesis                               *
=========================================================================

Performing bidirectional port resolution...
INFO:Xst:2679 - Register <i> in unit <queue> has a constant value of 11 during circuit operation. The register is replaced by logic.

Synthesizing Unit <queue>.
    Related source file is "queue.v".
    Found 2-bit register for signal <ct>.
    Found 2-bit addsub for signal <ct$addsub0000>.
    Found 2-bit up counter for signal <hd>.
    Found 12-bit register for signal <nm>.
    Found 2-bit up counter for signal <tl>.
    Found 12-bit register for signal <tm>.
    Summary:
	inferred   2 Counter(s).
	inferred   1 Adder/Subtractor(s).
Unit <queue> synthesized.


Synthesizing Unit <dispatcher>.
    Related source file is "dispatcher.v".
    Found 4-bit register for signal <dn1>.
    Found 4-bit register for signal <dn2>.
    Found 4-bit register for signal <dn3>.
    Found 4-bit register for signal <dt1>.
    Found 4-bit register for signal <dt2>.
    Found 4-bit register for signal <dt3>.
    Found 1-bit register for signal <re>.
    Found 1-bit register for signal <ld1>.
    Found 1-bit register for signal <ld2>.
    Found 1-bit register for signal <ld3>.
    Summary:
	inferred   4 D-type flip-flop(s).
Unit <dispatcher> synthesized.


Synthesizing Unit <counter>.
    Related source file is "counter.v".
    Found 1-bit register for signal <busy>.
    Found 4-bit register for signal <num>.
    Found 4-bit register for signal <rem>.
    Found 4-bit comparator greater for signal <busy$cmp_gt0000> created at line 48.
    Found 4-bit subtractor for signal <rem$addsub0000> created at line 49.
    Summary:
	inferred   1 D-type flip-flop(s).
	inferred   1 Adder/Subtractor(s).
	inferred   1 Comparator(s).
Unit <counter> synthesized.


Synthesizing Unit <top>.
    Related source file is "top.v".
Unit <top> synthesized.

INFO:Xst:1767 - HDL ADVISOR - Resource sharing has identified that some arithmetic operations in this design can share the same physical resources for reduced device utilization. For improved clock frequency you may try to disable resource sharing.

=========================================================================
HDL Synthesis Report

Macro Statistics
# Adders/Subtractors                                   : 4
 2-bit addsub                                          : 1
 4-bit subtractor                                      : 3
# Counters                                             : 2
 2-bit up counter                                      : 2
# Registers                                            : 26
 1-bit register                                        : 7
 2-bit register                                        : 1
 4-bit register                                        : 18
# Comparators                                          : 3
 4-bit comparator greater                              : 3

=========================================================================

=========================================================================
*                       Advanced HDL Synthesis                          *
=========================================================================


=========================================================================
Advanced HDL Synthesis Report

Macro Statistics
# Adders/Subtractors                                   : 4
 2-bit addsub                                          : 1
 4-bit subtractor                                      : 3
# Counters                                             : 2
 2-bit up counter                                      : 2
# Registers                                            : 7
 Flip-Flops                                            : 7

=========================================================================

=========================================================================
*                         Low Level Synthesis                           *
=========================================================================

Optimizing unit <top> ...

Optimizing unit <dispatcher> ...

Optimizing unit <counter> ...

Optimizing unit <queue> ...

=========================================================================
*                           Partition Report                            *
=========================================================================

Partition Implementation Status
-------------------------------

  No Partitions were found in this design.

-------------------------------

=========================================================================
*                            Final Report                               *
=========================================================================
Final Results
RTL Top Level Output File Name     : top.ngr
Top Level Output File Name         : top
Output Format                      : NGC
Optimization Goal                  : Speed
Keep Hierarchy                     : Yes
Target Technology                  : XC9500 CPLDs
Macro Preserve                     : YES
XOR Preserve                       : YES
wysiwyg                            : NO

Design Statistics
# IOs                              : 100

Cell Usage :
# BELS                             : 618
#      AND2                        : 237
#      AND3                        : 22
#      AND4                        : 1
#      INV                         : 214
#      OR2                         : 128
#      OR3                         : 1
#      XOR2                        : 15
# FlipFlops/Latches                : 85
#      FDC                         : 85
# IO Buffers                       : 100
#      IBUF                        : 11
#      OBUF                        : 89
=========================================================================


Total REAL time to Xst completion: 4.00 secs
Total CPU time to Xst completion: 4.04 secs
 
--> 

Total memory usage is 4512812 kilobytes

Number of errors   :    0 (   0 filtered)
Number of warnings :    0 (   0 filtered)
Number of infos    :    2 (   0 filtered)

