Command line:
   dispatcher_tb_isim_beh.exe
     -simmode  gui
     -simrunnum  0
     -socket  2240

Thu May 29 11:33:11 2025


 Elaboration Time: 0.015625 sec

 Current Memory Usage: 5168.8 Meg

 Total Signals          : 29
 Total Nets             : 55
 Total Signal Drivers   : 21
 Total Blocks           : 4
 Total Primitive Blocks : 3
 Total Processes        : 27
 Total Traceable Variables  : 37
 Total Scalar Nets and Variables : 190
Total Line Count : 61

 Total Simulation Time: 0.046875 sec

 Current Memory Usage: 4696.94 Meg

Thu May 29 11:38:01 2025

